<?xml version="1.0" encoding="UTF-8"?>
<!-- Generated by org.testng.reporters.JUnitReportReporter -->
<testsuite hostname="VISHESH-KUMAR" failures="0" tests="1" name="com.testcases.Test_HomePage" time="4.559" errors="0" timestamp="2025-08-26T15:55:46 IST" skipped="0">
  <testcase classname="com.testcases.Test_HomePage" name="Validate_UI" time="4.559"/>
</testsuite> <!-- com.testcases.Test_HomePage -->
