<?xml version="1.0" encoding="UTF-8"?>
<!-- Generated by org.testng.reporters.JUnitReportReporter -->
<testsuite hostname="VISHESH-KUMAR" failures="0" tests="1" name="com.testcases.LaunchURL" time="14.471" errors="0" timestamp="2025-08-14T18:18:41 IST" skipped="0">
  <testcase classname="com.testcases.LaunchURL" name="openURL" time="14.471"/>
</testsuite> <!-- com.testcases.LaunchURL -->
