<?xml version="1.0" encoding="UTF-8"?>
<!-- Generated by org.testng.reporters.JUnitReportReporter -->
<testsuite hostname="VISHESH-KUMAR" failures="0" tests="1" name="com.testcases.Test_Search" time="17.787" errors="0" timestamp="2025-08-26T15:47:07 IST" skipped="0">
  <testcase classname="com.testcases.Test_Search" name="SearchBar" time="17.787"/>
</testsuite> <!-- com.testcases.Test_Search -->
