<?xml version="1.0" encoding="UTF-8"?>
<!-- Generated by org.testng.reporters.JUnitReportReporter -->
<testsuite hostname="VISHESH-KUMAR" failures="0" tests="1" name="com.testcases.Test_Suggestion" time="10.964" errors="0" timestamp="2025-08-26T15:47:07 IST" skipped="0">
  <testcase classname="com.testcases.Test_Suggestion" name="ValidateSuggestion" time="10.964"/>
</testsuite> <!-- com.testcases.Test_Suggestion -->
