<?xml version="1.0" encoding="UTF-8"?>
<!-- Generated by org.testng.reporters.JUnitReportReporter -->
<testsuite hostname="VISHESH-KUMAR" failures="0" tests="1" name="com.pages.login" time="5.852" errors="0" timestamp="2025-08-11T20:14:10 IST" skipped="0">
  <testcase classname="com.pages.login" name="openURL" time="5.852"/>
</testsuite> <!-- com.pages.login -->
