<?xml version="1.0" encoding="UTF-8"?>
<!-- Generated by org.testng.reporters.JUnitReportReporter -->
<testsuite hostname="VISHESH-KUMAR" failures="0" tests="1" name="com.testcases.Test_Search" time="14.205" errors="0" timestamp="2025-08-29T20:09:11 IST" skipped="0">
  <testcase classname="com.testcases.Test_Search" name="SearchBar" time="14.205"/>
</testsuite> <!-- com.testcases.Test_Search -->
