<?xml version="1.0" encoding="UTF-8"?>
<!-- Generated by org.testng.reporters.JUnitReportReporter -->
<testsuite hostname="VISHESH-KUMAR" failures="0" tests="1" name="com.testcases.LaunchURL" time="7.708" errors="0" timestamp="2025-08-12T17:23:13 IST" skipped="0">
  <testcase classname="com.testcases.LaunchURL" name="openURL" time="7.708"/>
</testsuite> <!-- com.testcases.LaunchURL -->
