<?xml version="1.0" encoding="UTF-8"?>
<!-- Generated by org.testng.reporters.JUnitReportReporter -->
<testsuite hostname="VISHESH-KUMAR" failures="0" tests="1" name="com.testcases.Test_HomePage" time="17.496" errors="0" timestamp="2025-08-14T18:18:41 IST" skipped="0">
  <testcase classname="com.testcases.Test_HomePage" name="Validate_UI" time="17.496"/>
</testsuite> <!-- com.testcases.Test_HomePage -->
