<?xml version="1.0" encoding="UTF-8"?>
<!-- Generated by org.testng.reporters.JUnitReportReporter -->
<testsuite hostname="VISHESH-KUMAR" failures="0" tests="1" name="com.testcases.Search_TestCase" time="10.227" errors="0" timestamp="2025-08-14T17:21:58 IST" skipped="0">
  <testcase classname="com.testcases.Search_TestCase" name="SearchBar" time="10.227"/>
</testsuite> <!-- com.testcases.Search_TestCase -->
