<?xml version="1.0" encoding="UTF-8"?>
<!-- Generated by org.testng.reporters.JUnitReportReporter -->
<testsuite hostname="VISHESH-KUMAR" failures="0" tests="1" name="com.testcases.Login" time="9.336" errors="0" timestamp="2025-08-13T20:41:15 IST" skipped="0">
  <testcase classname="com.testcases.Login" name="Login_to_Amazon" time="9.336"/>
</testsuite> <!-- com.testcases.Login -->
