<?xml version="1.0" encoding="UTF-8"?>
<!-- Generated by org.testng.reporters.JUnitReportReporter -->
<testsuite hostname="VISHESH-KUMAR" failures="0" tests="1" name="com.testcases.Test_Login" time="26.104" errors="0" timestamp="2025-08-14T18:18:41 IST" skipped="0">
  <testcase classname="com.testcases.Test_Login" name="Login_to_Amazon" time="26.104"/>
</testsuite> <!-- com.testcases.Test_Login -->
