<?xml version="1.0" encoding="UTF-8"?>
<!-- Generated by org.testng.reporters.JUnitReportReporter -->
<testsuite hostname="VISHESH-KUMAR" failures="0" tests="1" name="com.testcases.Verify_HomePage" time="9.253" errors="0" timestamp="2025-08-14T18:05:36 IST" skipped="0">
  <testcase classname="com.testcases.Verify_HomePage" name="VerifyUI" time="9.253"/>
</testsuite> <!-- com.testcases.Verify_HomePage -->
