<?xml version="1.0" encoding="UTF-8"?>
<!-- Generated by org.testng.reporters.JUnitReportReporter -->
<testsuite hostname="VISHESH-KUMAR" failures="0" tests="1" name="com.testcases.TypeSearch" time="5.757" errors="0" timestamp="2025-08-13T20:41:49 IST" skipped="0">
  <testcase classname="com.testcases.TypeSearch" name="SearchBar" time="5.757"/>
</testsuite> <!-- com.testcases.TypeSearch -->
