<?xml version="1.0" encoding="UTF-8"?>
<!-- Generated by org.testng.reporters.JUnitReportReporter -->
<testsuite hostname="VISHESH-KUMAR" failures="0" tests="1" name="com.testcases.DummyTest" time="2.678" errors="0" timestamp="2025-08-26T18:06:15 IST" skipped="0">
  <testcase classname="com.testcases.DummyTest" name="test" time="2.678"/>
</testsuite> <!-- com.testcases.DummyTest -->
